<?xml version="1.0" encoding="UTF-8"?>
<testsuite xmlns:xsi="http://www.w3.org/2001/XMLSchema-instance" xsi:noNamespaceSchemaLocation="https://maven.apache.org/surefire/maven-failsafe-plugin/xsd/failsafe-test-report.xsd" name="de.fred4jupiter.springboot.thymeleaf.user.UserServiceIT" time="7.788" tests="1" errors="0" skipped="0" failures="1">
  <properties>
    <property name="sun.desktop" value="windows"/>
    <property name="awt.toolkit" value="sun.awt.windows.WToolkit"/>
    <property name="file.encoding.pkg" value="sun.io"/>
    <property name="java.specification.version" value="1.8"/>
    <property name="sun.cpu.isalist" value="amd64"/>
    <property name="sun.jnu.encoding" value="Cp1252"/>
    <property name="java.class.path" value="D:\dev_sync\2_Github\spring-boot-thymeleaf\target\test-classes;D:\dev_sync\2_Github\spring-boot-thymeleaf\target\classes;D:\maven_local_repo\org\springframework\boot\spring-boot-configuration-processor\2.1.2.RELEASE\spring-boot-configuration-processor-2.1.2.RELEASE.jar;D:\maven_local_repo\com\zaxxer\HikariCP\3.2.0\HikariCP-3.2.0.jar;D:\maven_local_repo\org\slf4j\slf4j-api\1.7.25\slf4j-api-1.7.25.jar;D:\maven_local_repo\org\springframework\boot\spring-boot-devtools\2.1.2.RELEASE\spring-boot-devtools-2.1.2.RELEASE.jar;D:\maven_local_repo\org\springframework\boot\spring-boot\2.1.2.RELEASE\spring-boot-2.1.2.RELEASE.jar;D:\maven_local_repo\org\springframework\spring-context\5.1.4.RELEASE\spring-context-5.1.4.RELEASE.jar;D:\maven_local_repo\org\springframework\boot\spring-boot-autoconfigure\2.1.2.RELEASE\spring-boot-autoconfigure-2.1.2.RELEASE.jar;D:\maven_local_repo\org\springframework\boot\spring-boot-starter-web\2.1.2.RELEASE\spring-boot-starter-web-2.1.2.RELEASE.jar;D:\maven_local_repo\org\springframework\boot\spring-boot-starter\2.1.2.RELEASE\spring-boot-starter-2.1.2.RELEASE.jar;D:\maven_local_repo\org\springframework\boot\spring-boot-starter-logging\2.1.2.RELEASE\spring-boot-starter-logging-2.1.2.RELEASE.jar;D:\maven_local_repo\ch\qos\logback\logback-classic\1.2.3\logback-classic-1.2.3.jar;D:\maven_local_repo\ch\qos\logback\logback-core\1.2.3\logback-core-1.2.3.jar;D:\maven_local_repo\org\apache\logging\log4j\log4j-to-slf4j\2.11.1\log4j-to-slf4j-2.11.1.jar;D:\maven_local_repo\org\apache\logging\log4j\log4j-api\2.11.1\log4j-api-2.11.1.jar;D:\maven_local_repo\org\slf4j\jul-to-slf4j\1.7.25\jul-to-slf4j-1.7.25.jar;D:\maven_local_repo\javax\annotation\javax.annotation-api\1.3.2\javax.annotation-api-1.3.2.jar;D:\maven_local_repo\org\yaml\snakeyaml\1.23\snakeyaml-1.23.jar;D:\maven_local_repo\org\springframework\boot\spring-boot-starter-json\2.1.2.RELEASE\spring-boot-starter-json-2.1.2.RELEASE.jar;D:\maven_local_repo\com\fasterxml\jackson\core\jackson-databind\2.9.8\jackson-databind-2.9.8.jar;D:\maven_local_repo\com\fasterxml\jackson\core\jackson-annotations\2.9.0\jackson-annotations-2.9.0.jar;D:\maven_local_repo\com\fasterxml\jackson\core\jackson-core\2.9.8\jackson-core-2.9.8.jar;D:\maven_local_repo\com\fasterxml\jackson\datatype\jackson-datatype-jdk8\2.9.8\jackson-datatype-jdk8-2.9.8.jar;D:\maven_local_repo\com\fasterxml\jackson\datatype\jackson-datatype-jsr310\2.9.8\jackson-datatype-jsr310-2.9.8.jar;D:\maven_local_repo\com\fasterxml\jackson\module\jackson-module-parameter-names\2.9.8\jackson-module-parameter-names-2.9.8.jar;D:\maven_local_repo\org\springframework\boot\spring-boot-starter-tomcat\2.1.2.RELEASE\spring-boot-starter-tomcat-2.1.2.RELEASE.jar;D:\maven_local_repo\org\apache\tomcat\embed\tomcat-embed-core\9.0.14\tomcat-embed-core-9.0.14.jar;D:\maven_local_repo\org\apache\tomcat\embed\tomcat-embed-el\9.0.14\tomcat-embed-el-9.0.14.jar;D:\maven_local_repo\org\apache\tomcat\embed\tomcat-embed-websocket\9.0.14\tomcat-embed-websocket-9.0.14.jar;D:\maven_local_repo\org\hibernate\validator\hibernate-validator\6.0.14.Final\hibernate-validator-6.0.14.Final.jar;D:\maven_local_repo\javax\validation\validation-api\2.0.1.Final\validation-api-2.0.1.Final.jar;D:\maven_local_repo\org\jboss\logging\jboss-logging\3.3.2.Final\jboss-logging-3.3.2.Final.jar;D:\maven_local_repo\com\fasterxml\classmate\1.4.0\classmate-1.4.0.jar;D:\maven_local_repo\org\springframework\spring-web\5.1.4.RELEASE\spring-web-5.1.4.RELEASE.jar;D:\maven_local_repo\org\springframework\spring-beans\5.1.4.RELEASE\spring-beans-5.1.4.RELEASE.jar;D:\maven_local_repo\org\springframework\spring-webmvc\5.1.4.RELEASE\spring-webmvc-5.1.4.RELEASE.jar;D:\maven_local_repo\org\springframework\spring-expression\5.1.4.RELEASE\spring-expression-5.1.4.RELEASE.jar;D:\maven_local_repo\org\springframework\boot\spring-boot-starter-data-jpa\2.1.2.RELEASE\spring-boot-starter-data-jpa-2.1.2.RELEASE.jar;D:\maven_local_repo\org\springframework\boot\spring-boot-starter-aop\2.1.2.RELEASE\spring-boot-starter-aop-2.1.2.RELEASE.jar;D:\maven_local_repo\org\aspectj\aspectjweaver\1.9.2\aspectjweaver-1.9.2.jar;D:\maven_local_repo\org\springframework\boot\spring-boot-starter-jdbc\2.1.2.RELEASE\spring-boot-starter-jdbc-2.1.2.RELEASE.jar;D:\maven_local_repo\org\springframework\spring-jdbc\5.1.4.RELEASE\spring-jdbc-5.1.4.RELEASE.jar;D:\maven_local_repo\javax\transaction\javax.transaction-api\1.3\javax.transaction-api-1.3.jar;D:\maven_local_repo\javax\xml\bind\jaxb-api\2.3.1\jaxb-api-2.3.1.jar;D:\maven_local_repo\javax\activation\javax.activation-api\1.2.0\javax.activation-api-1.2.0.jar;D:\maven_local_repo\org\hibernate\hibernate-core\5.3.7.Final\hibernate-core-5.3.7.Final.jar;D:\maven_local_repo\javax\persistence\javax.persistence-api\2.2\javax.persistence-api-2.2.jar;D:\maven_local_repo\org\javassist\javassist\3.23.1-GA\javassist-3.23.1-GA.jar;D:\maven_local_repo\net\bytebuddy\byte-buddy\1.9.7\byte-buddy-1.9.7.jar;D:\maven_local_repo\antlr\antlr\2.7.7\antlr-2.7.7.jar;D:\maven_local_repo\org\jboss\jandex\2.0.5.Final\jandex-2.0.5.Final.jar;D:\maven_local_repo\org\dom4j\dom4j\2.1.1\dom4j-2.1.1.jar;D:\maven_local_repo\org\hibernate\common\hibernate-commons-annotations\5.0.4.Final\hibernate-commons-annotations-5.0.4.Final.jar;D:\maven_local_repo\org\springframework\data\spring-data-jpa\2.1.4.RELEASE\spring-data-jpa-2.1.4.RELEASE.jar;D:\maven_local_repo\org\springframework\data\spring-data-commons\2.1.4.RELEASE\spring-data-commons-2.1.4.RELEASE.jar;D:\maven_local_repo\org\springframework\spring-orm\5.1.4.RELEASE\spring-orm-5.1.4.RELEASE.jar;D:\maven_local_repo\org\springframework\spring-tx\5.1.4.RELEASE\spring-tx-5.1.4.RELEASE.jar;D:\maven_local_repo\org\springframework\spring-aspects\5.1.4.RELEASE\spring-aspects-5.1.4.RELEASE.jar;D:\maven_local_repo\org\springframework\boot\spring-boot-starter-security\2.1.2.RELEASE\spring-boot-starter-security-2.1.2.RELEASE.jar;D:\maven_local_repo\org\springframework\spring-aop\5.1.4.RELEASE\spring-aop-5.1.4.RELEASE.jar;D:\maven_local_repo\org\springframework\security\spring-security-config\5.1.3.RELEASE\spring-security-config-5.1.3.RELEASE.jar;D:\maven_local_repo\org\springframework\security\spring-security-web\5.1.3.RELEASE\spring-security-web-5.1.3.RELEASE.jar;D:\maven_local_repo\org\springframework\boot\spring-boot-starter-thymeleaf\2.1.2.RELEASE\spring-boot-starter-thymeleaf-2.1.2.RELEASE.jar;D:\maven_local_repo\org\thymeleaf\thymeleaf-spring5\3.0.11.RELEASE\thymeleaf-spring5-3.0.11.RELEASE.jar;D:\maven_local_repo\org\thymeleaf\extras\thymeleaf-extras-java8time\3.0.2.RELEASE\thymeleaf-extras-java8time-3.0.2.RELEASE.jar;D:\maven_local_repo\nz\net\ultraq\thymeleaf\thymeleaf-layout-dialect\2.3.0\thymeleaf-layout-dialect-2.3.0.jar;D:\maven_local_repo\nz\net\ultraq\thymeleaf\thymeleaf-expression-processor\1.1.3\thymeleaf-expression-processor-1.1.3.jar;D:\maven_local_repo\org\codehaus\groovy\groovy\2.5.5\groovy-2.5.5.jar;D:\maven_local_repo\org\thymeleaf\thymeleaf\3.0.11.RELEASE\thymeleaf-3.0.11.RELEASE.jar;D:\maven_local_repo\ognl\ognl\3.1.12\ognl-3.1.12.jar;D:\maven_local_repo\org\attoparser\attoparser\2.0.5.RELEASE\attoparser-2.0.5.RELEASE.jar;D:\maven_local_repo\org\unbescape\unbescape\1.1.6.RELEASE\unbescape-1.1.6.RELEASE.jar;D:\maven_local_repo\com\h2database\h2\1.4.197\h2-1.4.197.jar;D:\maven_local_repo\org\webjars\bootstrap\4.1.3\bootstrap-4.1.3.jar;D:\maven_local_repo\org\webjars\jquery\3.3.1-1\jquery-3.3.1-1.jar;D:\maven_local_repo\org\webjars\popper.js\1.12.9\popper.js-1.12.9.jar;D:\maven_local_repo\org\webjars\font-awesome\5.3.1\font-awesome-5.3.1.jar;D:\maven_local_repo\org\springframework\boot\spring-boot-starter-test\2.1.2.RELEASE\spring-boot-starter-test-2.1.2.RELEASE.jar;D:\maven_local_repo\org\springframework\boot\spring-boot-test\2.1.2.RELEASE\spring-boot-test-2.1.2.RELEASE.jar;D:\maven_local_repo\org\springframework\boot\spring-boot-test-autoconfigure\2.1.2.RELEASE\spring-boot-test-autoconfigure-2.1.2.RELEASE.jar;D:\maven_local_repo\com\jayway\jsonpath\json-path\2.4.0\json-path-2.4.0.jar;D:\maven_local_repo\net\minidev\json-smart\2.3\json-smart-2.3.jar;D:\maven_local_repo\net\minidev\accessors-smart\1.2\accessors-smart-1.2.jar;D:\maven_local_repo\org\ow2\asm\asm\5.0.4\asm-5.0.4.jar;D:\maven_local_repo\junit\junit\4.12\junit-4.12.jar;D:\maven_local_repo\org\assertj\assertj-core\3.11.1\assertj-core-3.11.1.jar;D:\maven_local_repo\org\mockito\mockito-core\2.23.4\mockito-core-2.23.4.jar;D:\maven_local_repo\net\bytebuddy\byte-buddy-agent\1.9.7\byte-buddy-agent-1.9.7.jar;D:\maven_local_repo\org\objenesis\objenesis\2.6\objenesis-2.6.jar;D:\maven_local_repo\org\hamcrest\hamcrest-core\1.3\hamcrest-core-1.3.jar;D:\maven_local_repo\org\hamcrest\hamcrest-library\1.3\hamcrest-library-1.3.jar;D:\maven_local_repo\org\skyscreamer\jsonassert\1.5.0\jsonassert-1.5.0.jar;D:\maven_local_repo\com\vaadin\external\google\android-json\0.0.20131108.vaadin1\android-json-0.0.20131108.vaadin1.jar;D:\maven_local_repo\org\springframework\spring-core\5.1.4.RELEASE\spring-core-5.1.4.RELEASE.jar;D:\maven_local_repo\org\springframework\spring-jcl\5.1.4.RELEASE\spring-jcl-5.1.4.RELEASE.jar;D:\maven_local_repo\org\springframework\spring-test\5.1.4.RELEASE\spring-test-5.1.4.RELEASE.jar;D:\maven_local_repo\org\xmlunit\xmlunit-core\2.6.2\xmlunit-core-2.6.2.jar;D:\maven_local_repo\org\springframework\security\spring-security-test\5.1.3.RELEASE\spring-security-test-5.1.3.RELEASE.jar;D:\maven_local_repo\org\springframework\security\spring-security-core\5.1.3.RELEASE\spring-security-core-5.1.3.RELEASE.jar;"/>
    <property name="java.vm.vendor" value="Oracle Corporation"/>
    <property name="sun.arch.data.model" value="64"/>
    <property name="user.variant" value=""/>
    <property name="java.vendor.url" value="http://java.oracle.com/"/>
    <property name="user.timezone" value="Europe/Berlin"/>
    <property name="java.vm.specification.version" value="1.8"/>
    <property name="os.name" value="Windows 7"/>
    <property name="user.country" value="DE"/>
    <property name="sun.java.launcher" value="SUN_STANDARD"/>
    <property name="sun.boot.library.path" value="C:\SW\jdk180_101\jre\bin"/>
    <property name="sun.java.command" value="C:\Users\michael\AppData\Local\Temp\surefire1791973175601673915\surefirebooter4098038364411700347.jar C:\Users\michael\AppData\Local\Temp\surefire1791973175601673915 2019-02-24T11-12-49_349-jvmRun1 surefire6761033141011506434tmp surefire_07212753892214326972tmp"/>
    <property name="surefire.test.class.path" value="D:\dev_sync\2_Github\spring-boot-thymeleaf\target\test-classes;D:\dev_sync\2_Github\spring-boot-thymeleaf\target\classes;D:\maven_local_repo\org\springframework\boot\spring-boot-configuration-processor\2.1.2.RELEASE\spring-boot-configuration-processor-2.1.2.RELEASE.jar;D:\maven_local_repo\com\zaxxer\HikariCP\3.2.0\HikariCP-3.2.0.jar;D:\maven_local_repo\org\slf4j\slf4j-api\1.7.25\slf4j-api-1.7.25.jar;D:\maven_local_repo\org\springframework\boot\spring-boot-devtools\2.1.2.RELEASE\spring-boot-devtools-2.1.2.RELEASE.jar;D:\maven_local_repo\org\springframework\boot\spring-boot\2.1.2.RELEASE\spring-boot-2.1.2.RELEASE.jar;D:\maven_local_repo\org\springframework\spring-context\5.1.4.RELEASE\spring-context-5.1.4.RELEASE.jar;D:\maven_local_repo\org\springframework\boot\spring-boot-autoconfigure\2.1.2.RELEASE\spring-boot-autoconfigure-2.1.2.RELEASE.jar;D:\maven_local_repo\org\springframework\boot\spring-boot-starter-web\2.1.2.RELEASE\spring-boot-starter-web-2.1.2.RELEASE.jar;D:\maven_local_repo\org\springframework\boot\spring-boot-starter\2.1.2.RELEASE\spring-boot-starter-2.1.2.RELEASE.jar;D:\maven_local_repo\org\springframework\boot\spring-boot-starter-logging\2.1.2.RELEASE\spring-boot-starter-logging-2.1.2.RELEASE.jar;D:\maven_local_repo\ch\qos\logback\logback-classic\1.2.3\logback-classic-1.2.3.jar;D:\maven_local_repo\ch\qos\logback\logback-core\1.2.3\logback-core-1.2.3.jar;D:\maven_local_repo\org\apache\logging\log4j\log4j-to-slf4j\2.11.1\log4j-to-slf4j-2.11.1.jar;D:\maven_local_repo\org\apache\logging\log4j\log4j-api\2.11.1\log4j-api-2.11.1.jar;D:\maven_local_repo\org\slf4j\jul-to-slf4j\1.7.25\jul-to-slf4j-1.7.25.jar;D:\maven_local_repo\javax\annotation\javax.annotation-api\1.3.2\javax.annotation-api-1.3.2.jar;D:\maven_local_repo\org\yaml\snakeyaml\1.23\snakeyaml-1.23.jar;D:\maven_local_repo\org\springframework\boot\spring-boot-starter-json\2.1.2.RELEASE\spring-boot-starter-json-2.1.2.RELEASE.jar;D:\maven_local_repo\com\fasterxml\jackson\core\jackson-databind\2.9.8\jackson-databind-2.9.8.jar;D:\maven_local_repo\com\fasterxml\jackson\core\jackson-annotations\2.9.0\jackson-annotations-2.9.0.jar;D:\maven_local_repo\com\fasterxml\jackson\core\jackson-core\2.9.8\jackson-core-2.9.8.jar;D:\maven_local_repo\com\fasterxml\jackson\datatype\jackson-datatype-jdk8\2.9.8\jackson-datatype-jdk8-2.9.8.jar;D:\maven_local_repo\com\fasterxml\jackson\datatype\jackson-datatype-jsr310\2.9.8\jackson-datatype-jsr310-2.9.8.jar;D:\maven_local_repo\com\fasterxml\jackson\module\jackson-module-parameter-names\2.9.8\jackson-module-parameter-names-2.9.8.jar;D:\maven_local_repo\org\springframework\boot\spring-boot-starter-tomcat\2.1.2.RELEASE\spring-boot-starter-tomcat-2.1.2.RELEASE.jar;D:\maven_local_repo\org\apache\tomcat\embed\tomcat-embed-core\9.0.14\tomcat-embed-core-9.0.14.jar;D:\maven_local_repo\org\apache\tomcat\embed\tomcat-embed-el\9.0.14\tomcat-embed-el-9.0.14.jar;D:\maven_local_repo\org\apache\tomcat\embed\tomcat-embed-websocket\9.0.14\tomcat-embed-websocket-9.0.14.jar;D:\maven_local_repo\org\hibernate\validator\hibernate-validator\6.0.14.Final\hibernate-validator-6.0.14.Final.jar;D:\maven_local_repo\javax\validation\validation-api\2.0.1.Final\validation-api-2.0.1.Final.jar;D:\maven_local_repo\org\jboss\logging\jboss-logging\3.3.2.Final\jboss-logging-3.3.2.Final.jar;D:\maven_local_repo\com\fasterxml\classmate\1.4.0\classmate-1.4.0.jar;D:\maven_local_repo\org\springframework\spring-web\5.1.4.RELEASE\spring-web-5.1.4.RELEASE.jar;D:\maven_local_repo\org\springframework\spring-beans\5.1.4.RELEASE\spring-beans-5.1.4.RELEASE.jar;D:\maven_local_repo\org\springframework\spring-webmvc\5.1.4.RELEASE\spring-webmvc-5.1.4.RELEASE.jar;D:\maven_local_repo\org\springframework\spring-expression\5.1.4.RELEASE\spring-expression-5.1.4.RELEASE.jar;D:\maven_local_repo\org\springframework\boot\spring-boot-starter-data-jpa\2.1.2.RELEASE\spring-boot-starter-data-jpa-2.1.2.RELEASE.jar;D:\maven_local_repo\org\springframework\boot\spring-boot-starter-aop\2.1.2.RELEASE\spring-boot-starter-aop-2.1.2.RELEASE.jar;D:\maven_local_repo\org\aspectj\aspectjweaver\1.9.2\aspectjweaver-1.9.2.jar;D:\maven_local_repo\org\springframework\boot\spring-boot-starter-jdbc\2.1.2.RELEASE\spring-boot-starter-jdbc-2.1.2.RELEASE.jar;D:\maven_local_repo\org\springframework\spring-jdbc\5.1.4.RELEASE\spring-jdbc-5.1.4.RELEASE.jar;D:\maven_local_repo\javax\transaction\javax.transaction-api\1.3\javax.transaction-api-1.3.jar;D:\maven_local_repo\javax\xml\bind\jaxb-api\2.3.1\jaxb-api-2.3.1.jar;D:\maven_local_repo\javax\activation\javax.activation-api\1.2.0\javax.activation-api-1.2.0.jar;D:\maven_local_repo\org\hibernate\hibernate-core\5.3.7.Final\hibernate-core-5.3.7.Final.jar;D:\maven_local_repo\javax\persistence\javax.persistence-api\2.2\javax.persistence-api-2.2.jar;D:\maven_local_repo\org\javassist\javassist\3.23.1-GA\javassist-3.23.1-GA.jar;D:\maven_local_repo\net\bytebuddy\byte-buddy\1.9.7\byte-buddy-1.9.7.jar;D:\maven_local_repo\antlr\antlr\2.7.7\antlr-2.7.7.jar;D:\maven_local_repo\org\jboss\jandex\2.0.5.Final\jandex-2.0.5.Final.jar;D:\maven_local_repo\org\dom4j\dom4j\2.1.1\dom4j-2.1.1.jar;D:\maven_local_repo\org\hibernate\common\hibernate-commons-annotations\5.0.4.Final\hibernate-commons-annotations-5.0.4.Final.jar;D:\maven_local_repo\org\springframework\data\spring-data-jpa\2.1.4.RELEASE\spring-data-jpa-2.1.4.RELEASE.jar;D:\maven_local_repo\org\springframework\data\spring-data-commons\2.1.4.RELEASE\spring-data-commons-2.1.4.RELEASE.jar;D:\maven_local_repo\org\springframework\spring-orm\5.1.4.RELEASE\spring-orm-5.1.4.RELEASE.jar;D:\maven_local_repo\org\springframework\spring-tx\5.1.4.RELEASE\spring-tx-5.1.4.RELEASE.jar;D:\maven_local_repo\org\springframework\spring-aspects\5.1.4.RELEASE\spring-aspects-5.1.4.RELEASE.jar;D:\maven_local_repo\org\springframework\boot\spring-boot-starter-security\2.1.2.RELEASE\spring-boot-starter-security-2.1.2.RELEASE.jar;D:\maven_local_repo\org\springframework\spring-aop\5.1.4.RELEASE\spring-aop-5.1.4.RELEASE.jar;D:\maven_local_repo\org\springframework\security\spring-security-config\5.1.3.RELEASE\spring-security-config-5.1.3.RELEASE.jar;D:\maven_local_repo\org\springframework\security\spring-security-web\5.1.3.RELEASE\spring-security-web-5.1.3.RELEASE.jar;D:\maven_local_repo\org\springframework\boot\spring-boot-starter-thymeleaf\2.1.2.RELEASE\spring-boot-starter-thymeleaf-2.1.2.RELEASE.jar;D:\maven_local_repo\org\thymeleaf\thymeleaf-spring5\3.0.11.RELEASE\thymeleaf-spring5-3.0.11.RELEASE.jar;D:\maven_local_repo\org\thymeleaf\extras\thymeleaf-extras-java8time\3.0.2.RELEASE\thymeleaf-extras-java8time-3.0.2.RELEASE.jar;D:\maven_local_repo\nz\net\ultraq\thymeleaf\thymeleaf-layout-dialect\2.3.0\thymeleaf-layout-dialect-2.3.0.jar;D:\maven_local_repo\nz\net\ultraq\thymeleaf\thymeleaf-expression-processor\1.1.3\thymeleaf-expression-processor-1.1.3.jar;D:\maven_local_repo\org\codehaus\groovy\groovy\2.5.5\groovy-2.5.5.jar;D:\maven_local_repo\org\thymeleaf\thymeleaf\3.0.11.RELEASE\thymeleaf-3.0.11.RELEASE.jar;D:\maven_local_repo\ognl\ognl\3.1.12\ognl-3.1.12.jar;D:\maven_local_repo\org\attoparser\attoparser\2.0.5.RELEASE\attoparser-2.0.5.RELEASE.jar;D:\maven_local_repo\org\unbescape\unbescape\1.1.6.RELEASE\unbescape-1.1.6.RELEASE.jar;D:\maven_local_repo\com\h2database\h2\1.4.197\h2-1.4.197.jar;D:\maven_local_repo\org\webjars\bootstrap\4.1.3\bootstrap-4.1.3.jar;D:\maven_local_repo\org\webjars\jquery\3.3.1-1\jquery-3.3.1-1.jar;D:\maven_local_repo\org\webjars\popper.js\1.12.9\popper.js-1.12.9.jar;D:\maven_local_repo\org\webjars\font-awesome\5.3.1\font-awesome-5.3.1.jar;D:\maven_local_repo\org\springframework\boot\spring-boot-starter-test\2.1.2.RELEASE\spring-boot-starter-test-2.1.2.RELEASE.jar;D:\maven_local_repo\org\springframework\boot\spring-boot-test\2.1.2.RELEASE\spring-boot-test-2.1.2.RELEASE.jar;D:\maven_local_repo\org\springframework\boot\spring-boot-test-autoconfigure\2.1.2.RELEASE\spring-boot-test-autoconfigure-2.1.2.RELEASE.jar;D:\maven_local_repo\com\jayway\jsonpath\json-path\2.4.0\json-path-2.4.0.jar;D:\maven_local_repo\net\minidev\json-smart\2.3\json-smart-2.3.jar;D:\maven_local_repo\net\minidev\accessors-smart\1.2\accessors-smart-1.2.jar;D:\maven_local_repo\org\ow2\asm\asm\5.0.4\asm-5.0.4.jar;D:\maven_local_repo\junit\junit\4.12\junit-4.12.jar;D:\maven_local_repo\org\assertj\assertj-core\3.11.1\assertj-core-3.11.1.jar;D:\maven_local_repo\org\mockito\mockito-core\2.23.4\mockito-core-2.23.4.jar;D:\maven_local_repo\net\bytebuddy\byte-buddy-agent\1.9.7\byte-buddy-agent-1.9.7.jar;D:\maven_local_repo\org\objenesis\objenesis\2.6\objenesis-2.6.jar;D:\maven_local_repo\org\hamcrest\hamcrest-core\1.3\hamcrest-core-1.3.jar;D:\maven_local_repo\org\hamcrest\hamcrest-library\1.3\hamcrest-library-1.3.jar;D:\maven_local_repo\org\skyscreamer\jsonassert\1.5.0\jsonassert-1.5.0.jar;D:\maven_local_repo\com\vaadin\external\google\android-json\0.0.20131108.vaadin1\android-json-0.0.20131108.vaadin1.jar;D:\maven_local_repo\org\springframework\spring-core\5.1.4.RELEASE\spring-core-5.1.4.RELEASE.jar;D:\maven_local_repo\org\springframework\spring-jcl\5.1.4.RELEASE\spring-jcl-5.1.4.RELEASE.jar;D:\maven_local_repo\org\springframework\spring-test\5.1.4.RELEASE\spring-test-5.1.4.RELEASE.jar;D:\maven_local_repo\org\xmlunit\xmlunit-core\2.6.2\xmlunit-core-2.6.2.jar;D:\maven_local_repo\org\springframework\security\spring-security-test\5.1.3.RELEASE\spring-security-test-5.1.3.RELEASE.jar;D:\maven_local_repo\org\springframework\security\spring-security-core\5.1.3.RELEASE\spring-security-core-5.1.3.RELEASE.jar;"/>
    <property name="sun.cpu.endian" value="little"/>
    <property name="user.home" value="C:\Users\michael"/>
    <property name="user.language" value="de"/>
    <property name="java.specification.vendor" value="Oracle Corporation"/>
    <property name="java.home" value="C:\SW\jdk180_101\jre"/>
    <property name="basedir" value="D:\dev_sync\2_Github\spring-boot-thymeleaf"/>
    <property name="file.separator" value="\"/>
    <property name="line.separator" value="&#10;"/>
    <property name="java.vm.specification.vendor" value="Oracle Corporation"/>
    <property name="java.specification.name" value="Java Platform API Specification"/>
    <property name="java.awt.graphicsenv" value="sun.awt.Win32GraphicsEnvironment"/>
    <property name="surefire.real.class.path" value="C:\Users\michael\AppData\Local\Temp\surefire1791973175601673915\surefirebooter4098038364411700347.jar"/>
    <property name="sun.boot.class.path" value="C:\SW\jdk180_101\jre\lib\resources.jar;C:\SW\jdk180_101\jre\lib\rt.jar;C:\SW\jdk180_101\jre\lib\sunrsasign.jar;C:\SW\jdk180_101\jre\lib\jsse.jar;C:\SW\jdk180_101\jre\lib\jce.jar;C:\SW\jdk180_101\jre\lib\charsets.jar;C:\SW\jdk180_101\jre\lib\jfr.jar;C:\SW\jdk180_101\jre\classes"/>
    <property name="user.script" value=""/>
    <property name="sun.management.compiler" value="HotSpot 64-Bit Tiered Compilers"/>
    <property name="java.runtime.version" value="1.8.0_101-b13"/>
    <property name="user.name" value="michael"/>
    <property name="path.separator" value=";"/>
    <property name="os.version" value="6.1"/>
    <property name="java.endorsed.dirs" value="C:\SW\jdk180_101\jre\lib\endorsed"/>
    <property name="java.runtime.name" value="Java(TM) SE Runtime Environment"/>
    <property name="file.encoding" value="Cp1252"/>
    <property name="java.vm.name" value="Java HotSpot(TM) 64-Bit Server VM"/>
    <property name="localRepository" value="D:\maven_local_repo"/>
    <property name="java.vendor.url.bug" value="http://bugreport.sun.com/bugreport/"/>
    <property name="java.io.tmpdir" value="C:\Users\michael\AppData\Local\Temp\"/>
    <property name="idea.version" value="2018.3.4"/>
    <property name="java.version" value="1.8.0_101"/>
    <property name="user.dir" value="D:\dev_sync\2_Github\spring-boot-thymeleaf"/>
    <property name="os.arch" value="amd64"/>
    <property name="java.vm.specification.name" value="Java Virtual Machine Specification"/>
    <property name="java.awt.printerjob" value="sun.awt.windows.WPrinterJob"/>
    <property name="sun.os.patch.level" value="Service Pack 1"/>
    <property name="java.library.path" value="C:\SW\jdk180_101\jre\bin;C:\Windows\Sun\Java\bin;C:\Windows\system32;C:\Windows;C:\Program Files (x86)\NVIDIA Corporation\PhysX\Common;c:\SW\jdk180_101\bin;C:\Windows\system32;C:\Windows;C:\Windows\System32\Wbem;C:\Windows\System32\WindowsPowerShell\v1.0\;c:\SW\maven-3.5.4\bin;%GRAILS_HOME%\bin;c:\SW\gradle-4.0.2\bin;c:\SW\groovy-2.1.6\bin;c:\SW\Git\bin;c:\SW\svn-win32-1.6.13\bin;c:\SW\spring-rest-shell\bin;c:\SW\activator-1.2.0-minimal;C:\Program Files (x86)\Common Files\Acronis\SnapAPI\;c:\SW\spring-boot-cli-1.2.0.RELEASE\bin;c:\SW\otto;C:\SW\Heroku\bin;C:\Program Files (x86)\git\cmd;C:\SW\nodejs\;C:\SW\Yarn\bin;c:\SW\activator-1.3.12-minimal\bin;c:\SW\curl;c:\SW\oc-tools;C:\SW\Git\cmd;C:\SW\Vagrant\bin;C:\Windows\System32\WindowsPowerShell\v1.0\;C:\Windows\System32\WindowsPowerShell\v1.0\;c:\SW\octools;C:\Windows\System32\WindowsPowerShell\v1.0\;;C:\Users\michael\AppData\Roaming\npm;C:\Users\michael\AppData\Local\Yarn\.bin;c:\SW\Heroku\bin;C:\Program Files (x86)\Common Files\Acronis\TibMounter64;."/>
    <property name="java.vm.info" value="mixed mode"/>
    <property name="java.vendor" value="Oracle Corporation"/>
    <property name="java.vm.version" value="25.101-b13"/>
    <property name="java.ext.dirs" value="C:\SW\jdk180_101\jre\lib\ext;C:\Windows\Sun\Java\lib\ext"/>
    <property name="sun.io.unicode.encoding" value="UnicodeLittle"/>
    <property name="java.class.version" value="52.0"/>
  </properties>
  <testcase name="loadUsersFromFile" classname="de.fred4jupiter.springboot.thymeleaf.user.UserServiceIT" time="0.063">
    <failure message="&#10;Expected: a value equal to or greater than &lt;2&gt;&#10;     but: &lt;1&gt; was less than &lt;2&gt;" type="java.lang.AssertionError"><![CDATA[java.lang.AssertionError: 

Expected: a value equal to or greater than <2>
     but: <1> was less than <2>
	at de.fred4jupiter.springboot.thymeleaf.user.UserServiceIT.loadUsersFromFile(UserServiceIT.java:27)
]]></failure>
    <system-out><![CDATA[
  .   ____          _            __ _ _
 /\\ / ___'_ __ _ _(_)_ __  __ _ \ \ \ \
( ( )\___ | '_ | '_| | '_ \/ _` | \ \ \ \
 \\/  ___)| |_)| | | | | || (_| |  ) ) ) )
  '  |____| .__|_| |_|_| |_\__, | / / / /
 =========|_|==============|___/=/_/_/_/
 :: Spring Boot ::        (v2.1.2.RELEASE)

2019-02-24 11:12:51,521 INFO [de.fred4jupiter.springboot.thymeleaf.user.UserServiceIT] - Starting UserServiceIT on inteli7 with PID 6820 (started by michael in D:\dev_sync\2_Github\spring-boot-thymeleaf)
2019-02-24 11:12:51,521 DEBUG [de.fred4jupiter.springboot.thymeleaf.user.UserServiceIT] - Running with Spring Boot v2.1.2.RELEASE, Spring v5.1.4.RELEASE
2019-02-24 11:12:51,521 INFO [de.fred4jupiter.springboot.thymeleaf.user.UserServiceIT] - No active profile set, falling back to default profiles: default
2019-02-24 11:12:55,502 INFO [de.fred4jupiter.springboot.thymeleaf.user.UserService] - Loading users from config...
2019-02-24 11:12:58,138 INFO [de.fred4jupiter.springboot.thymeleaf.user.UserServiceIT] - Started UserServiceIT in 7.007 seconds (JVM running for 8.221)
]]></system-out>
  </testcase>
</testsuite>